<?xml version="1.0" encoding="UTF-8"?>
<testsuite name="ServiceTest" tests="1" skipped="0" failures="0" errors="0" timestamp="2023-01-29T18:15:21" hostname="Z70" time="0.074">
  <properties/>
  <testcase name="getStrTest()" classname="ServiceTest" time="0.074"/>
  <system-out><![CDATA[]]></system-out>
  <system-err><![CDATA[]]></system-err>
</testsuite>
